[jobic@luke mousse]$ cd mousse/; mpirun -np 16 ./mousse -init 7 -parallel ; cd ..
We compute first with level6
For parallel, we load the precalculated levelset function
We consider 6 maxlevel
In restore
Stat 1 : 0.0181818 34.4508 0 0 0 0 0
Stat 2 : 0.0181818 0 0 0 
Stat 1 : 0.0528926 34.4508 0.0590012 0.00616328 0.508352 0.120045 0.0251356
Stat 2 : 0.0528926 3.16693542 -0.000347302621 0.565487074 
Stat 1 : 0.10263 34.4508 0.027871 0.010471 0.636959 0.189371 0.0346115
Stat 2 : 0.10263 1.54111547 -0.0019949941 0.310896647 
Stat 1 : 0.166027 34.4508 0.0452154 0.0147982 0.745478 0.227704 0.0437983
Stat 2 : 0.166027 0.71015144 -0.00204312511 0.354683247 
Stat 1 : 0.241843 34.4508 0.0585266 0.0181591 0.816967 0.252268 0.0505245
Stat 2 : 0.241843 0.512448436 -0.00218871646 0.380000454 
Stat 1 : 0.32874 34.4508 0.0676743 0.0205217 0.87588 0.269728 0.0548352
Stat 2 : 0.32874 0.335972546 -0.00228665265 0.398012531 
Stat 1 : 0.424197 34.4508 0.0732621 0.021877 0.919062 0.281248 0.057329
Stat 2 : 0.424197 0.194772005 -0.00235812834 0.402757009 
Stat 1 : 0.526559 34.4508 0.0764729 0.0226137 0.950568 0.289038 0.0586138
Stat 2 : 0.526559 0.102506578 -0.0023998903 0.427227517 
Stat 1 : 0.634642 34.4508 0.0781991 0.0229675 0.973648 0.294206 0.0591688
Stat 2 : 0.634642 0.0468709259 -0.0024229603 0.449383671 
Stat 1 : 0.747552 34.4508 0.0790477 0.0231048 0.990543 0.297552 0.0593266
Stat 2 : 0.747552 0.0249797304 -0.00243525348 0.469600365 
Stat 1 : 0.864586 34.4508 0.0794052 0.0231306 1.00303 0.299667 0.0592937
Stat 2 : 0.864586 0.019424888 -0.00244197762 0.486559224 
Stat 1 : 0.985175 34.4508 0.0794955 0.0230906 1.01215 0.30087 0.0591938
Stat 2 : 0.985175 0.017766727 -0.00244910024 0.499483418 
Stat 1 : 1.10885 34.4508 0.0794771 0.0230537 1.0193 0.301661 0.0590803
Stat 2 : 1.10885 0.0117273186 -0.00245200117 0.508883111 
Stat 1 : 1.23523 34.4508 0.0794116 0.0230134 1.02498 0.302154 0.0589728
Stat 2 : 1.23523 0.00961853328 -0.00245467856 0.51589602 
Stat 1 : 1.36395 34.4508 0.0793308 0.0229762 1.02959 0.30246 0.0588816
Stat 2 : 1.36395 0.00779432198 -0.00245726563 0.521154237 
Stat 1 : 1.49473 34.4508 0.0792508 0.0229445 1.03368 0.302653 0.058809
Stat 2 : 1.49473 0.00634393063 -0.00245992934 0.525113393 
Stat 1 : 1.6273 34.4508 0.0791786 0.0229184 1.03841 0.302777 0.0587526
Stat 2 : 1.6273 0.00528600913 -0.00246266098 0.528111612 
Stat 1 : 1.76146 34.4508 0.0791161 0.0228974 1.04269 0.302862 0.0587097
Stat 2 : 1.76146 0.00467783286 -0.00246544917 0.530393299 
Stat 1 : 1.897 34.4508 0.0790629 0.0228805 1.04659 0.302923 0.0586762
Stat 2 : 1.897 0.00429183351 -0.00246821947 0.5321368 
Stat 1 : 2.03376 34.4508 0.079018 0.0228669 1.05017 0.30297 0.05865
Stat 2 : 2.03376 0.0039578169 -0.00247095631 0.533473461 
Stat 1 : 2.17161 34.4508 0.0789799 0.0228557 1.05347 0.303007 0.058629
Stat 2 : 2.17161 0.00366200083 -0.00247364223 0.534500657 
Stat 1 : 2.31041 34.4508 0.0789474 0.0228465 1.05653 0.303038 0.058612
Stat 2 : 2.31041 0.00340866089 -0.00247626978 0.535291349 
Stat 1 : 2.45005 34.4508 0.0789194 0.0228388 1.05936 0.303065 0.0585979
Stat 2 : 2.45005 0.00319755419 -0.00247883231 0.535900698 
Stat 1 : 2.59045 34.4508 0.0788952 0.0228322 1.06199 0.303088 0.058586
Stat 2 : 2.59045 0.002987695 -0.00248132679 0.536370472 
Stat 1 : 2.7315 34.4508 0.078874 0.0228266 1.06445 0.303108 0.0585754
Stat 2 : 2.7315 0.00278344907 -0.00248372951 0.536732698 
Stat 1 : 2.87315 34.4508 0.0788554 0.0228218 1.06673 0.303126 0.0585665
Stat 2 : 2.87315 0.00258631103 -0.0024860797 0.537012184 
Stat 1 : 3.01533 34.4508 0.0788389 0.0228176 1.06886 0.303143 0.0585588
Stat 2 : 3.01533 0.00239798129 -0.00248836571 0.537227843 
Stat 1 : 3.15797 34.4508 0.0788244 0.0228139 1.07085 0.303158 0.0585522
Stat 2 : 3.15797 0.00222044214 -0.00249058306 0.537394403 
Stat 1 : 3.30103 34.4508 0.0788114 0.0228107 1.07271 0.303171 0.0585463
Stat 2 : 3.30103 0.00205344161 -0.00249273457 0.537523241 
Stat 1 : 3.44447 34.4508 0.0787998 0.0228079 1.07445 0.303184 0.0585411
Stat 2 : 3.44447 0.00189668241 -0.0024948192 0.537623162 
Stat 1 : 3.58824 34.4508 0.0787895 0.0228054 1.07608 0.303195 0.0585365
Stat 2 : 3.58824 0.00175067084 -0.00249683751 0.53770098 
Stat 1 : 3.73231 34.4508 0.0787802 0.0228032 1.0776 0.303206 0.0585324
Stat 2 : 3.73231 0.00161475714 -0.00249878933 0.537762013 
Stat 1 : 3.87665 34.4508 0.0787718 0.0228012 1.07903 0.303215 0.0585287
Stat 2 : 3.87665 0.00149019878 -0.00250067592 0.537810371 
Stat 1 : 4.02123 34.4508 0.0787643 0.0227995 1.08037 0.303225 0.0585254
Stat 2 : 4.02123 0.0014114377 -0.00250249752 0.537849155 
Stat 1 : 4.16602 34.4508 0.0787575 0.0227979 1.08163 0.303233 0.0585224
Stat 2 : 4.16602 0.00133614223 -0.00250425476 0.537880799 
Stat 1 : 4.31102 34.4508 0.0787514 0.0227964 1.0828 0.303241 0.0585196
Stat 2 : 4.31102 0.00126430448 -0.00250594906 0.537907172 
Stat 1 : 4.45618 34.4508 0.0787458 0.0227952 1.08391 0.303248 0.0585171
Stat 2 : 4.45618 0.00119711216 -0.00250758103 0.53792963 
Stat 1 : 4.60151 34.4508 0.0787408 0.022794 1.08495 0.303255 0.0585149
Stat 2 : 4.60151 0.00113311559 -0.00250915178 0.537949301 
Stat 1 : 4.74698 34.4508 0.0787362 0.0227929 1.08593 0.303262 0.0585128
Stat 2 : 4.74698 0.00107185907 -0.00251066275 0.537966974 
Stat 1 : 4.89257 34.4508 0.0787321 0.022792 1.0869 0.303268 0.0585109
Stat 2 : 4.89257 0.00101370416 -0.00251211516 0.537983225 
Stat 1 : 5.03829 34.4508 0.0787283 0.0227911 1.08782 0.303273 0.0585091
Stat 2 : 5.03829 0.000958447938 -0.00251351018 0.537998416 
i=41, t=5.03829, i=0.000958448
We consider 7 maxlevel
In restore
Stat 1 : 1e+30 34.4508 0 0 0 0 0
Stat 1 : 1e+30 34.4508 0.812522 0.0269717 0.523278 0.120854 0.108238
Stat 2 : 1e+30 4.26117994 -0.00148623879 20.5165122 
Stat 1 : 1e+30 34.4508 0.0659011 0.0251029 1.2286 0.381156 0.0835978
Stat 2 : 1e+30 4.4943343 -0.00634172737 1.45400614 
Stat 1 : 1e+30 34.4508 0.0764033 0.0246835 1.28329 0.383901 0.0718108
Stat 2 : 1e+30 1.12864292 -0.00387000525 1.5169515 
Stat 1 : 1e+30 34.4508 0.0827408 0.0245429 1.22129 0.354949 0.0654317
Stat 2 : 1e+30 0.444694843 -0.00321777863 1.4152658 
Stat 1 : 1e+30 34.4508 0.0839603 0.0242827 1.17215 0.331499 0.0619684
Stat 2 : 1e+30 0.32232324 -0.00300359486 1.28631167 
Stat 1 : 1e+30 34.4508 0.0830138 0.0239647 1.14385 0.317426 0.060053
Stat 2 : 1e+30 0.18238122 -0.00293072145 1.16785464 
Stat 1 : 1e+30 34.4508 0.0815693 0.0236638 1.13086 0.309802 0.0589423
Stat 2 : 1e+30 0.0882416481 -0.00290775178 1.093176 
Stat 1 : 1e+30 34.4508 0.0802809 0.0234096 1.12627 0.305748 0.0582557
Stat 2 : 1e+30 0.0395701221 -0.00290164186 1.09996678 
Stat 1 : 1e+30 34.4508 0.0793011 0.0232077 1.12565 0.30351 0.0578057
Stat 2 : 1e+30 0.025275171 -0.00290075944 1.10231263 
Stat 1 : 1e+30 34.4508 0.0786006 0.0230531 1.12669 0.302182 0.0574985
Stat 2 : 1e+30 0.0170719936 -0.00290116567 1.10220656 
Stat 1 : 1e+30 34.4508 0.0781107 0.0229378 1.12833 0.301329 0.0572841
Stat 2 : 1e+30 0.0125051325 -0.00290160406 1.1006704 
Stat 1 : 1e+30 34.4508 0.0777698 0.0228535 1.13012 0.300747 0.0571336
Stat 2 : 1e+30 0.010400777 -0.0029018753 1.09812397 
Stat 1 : 1e+30 34.4508 0.0775329 0.0227927 1.1319 0.300334 0.0570285
Stat 2 : 1e+30 0.00822948858 -0.00290194533 1.09506949 
Stat 1 : 1e+30 34.4508 0.0773685 0.0227495 1.13361 0.300038 0.0569565
Stat 2 : 1e+30 0.00616758815 -0.00290197744 1.09182242 
Stat 1 : 1e+30 34.4508 0.0772551 0.0227191 1.13521 0.299825 0.0569081
Stat 2 : 1e+30 0.00443847858 -0.00290198114 1.08857514 
Stat 1 : 1e+30 34.4508 0.0771779 0.0226982 1.13672 0.299673 0.0568766
Stat 2 : 1e+30 0.00338014609 -0.00290198318 1.08544083 
Stat 1 : 1e+30 34.4508 0.0771263 0.0226839 1.13813 0.299566 0.056857
Stat 2 : 1e+30 0.00306687633 -0.00290200425 1.08292759 
Stat 1 : 1e+30 34.4508 0.0770926 0.0226743 1.13945 0.299493 0.0568455
Stat 2 : 1e+30 0.00278525515 -0.00290202777 1.08155555 
Stat 1 : 1e+30 34.4508 0.0770715 0.0226681 1.14068 0.299442 0.0568395
Stat 2 : 1e+30 0.00251389645 -0.00290205847 1.08005066 
Stat 1 : 1e+30 34.4508 0.0770591 0.022664 1.14182 0.299409 0.0568372
Stat 2 : 1e+30 0.00225823574 -0.00290209319 1.0788849 
Stat 1 : 1e+30 34.4508 0.0770525 0.0226616 1.14288 0.299387 0.0568373
Stat 2 : 1e+30 0.00202114179 -0.00290212924 1.07776525 
Stat 1 : 1e+30 34.4508 0.0770498 0.0226601 1.14385 0.299374 0.0568388
Stat 2 : 1e+30 0.00180733233 -0.00290216517 1.07662897 
Stat 1 : 1e+30 34.4508 0.0770496 0.0226594 1.14475 0.299366 0.0568412
Stat 2 : 1e+30 0.0016434494 -0.00290220052 1.07550265 
Stat 1 : 1e+30 34.4508 0.0770511 0.022659 1.14558 0.299362 0.0568441
Stat 2 : 1e+30 0.00154123216 -0.00290223582 1.07440456 
Stat 1 : 1e+30 34.4508 0.0770535 0.022659 1.14634 0.299361 0.0568476
Stat 2 : 1e+30 0.00144445123 -0.00290232297 1.07334704 
Stat 1 : 1e+30 34.4508 0.0770566 0.0226591 1.14704 0.299362 0.0568509
Stat 2 : 1e+30 0.00135445972 -0.0029023697 1.07233724 
Stat 1 : 1e+30 34.4508 0.0770599 0.0226594 1.14768 0.299364 0.056854
Stat 2 : 1e+30 0.00126639682 -0.00290241619 1.07137995 
Stat 1 : 1e+30 34.4508 0.0770633 0.0226597 1.14827 0.299367 0.0568571
Stat 2 : 1e+30 0.00118121597 -0.00290246483 1.07047764 
Stat 1 : 1e+30 34.4508 0.0770667 0.02266 1.14881 0.29937 0.0568599
Stat 2 : 1e+30 0.00110004948 -0.00290251673 1.06963107 
Stat 1 : 1e+30 34.4508 0.07707 0.0226603 1.14932 0.299373 0.0568626
Stat 2 : 1e+30 0.00102274743 -0.00290257288 1.06883982 
Stat 1 : 1e+30 34.4508 0.0770732 0.0226606 1.14978 0.299376 0.0568651
Stat 2 : 1e+30 0.000949377468 -0.00290263383 1.06810254 
i=73, t=1e+30, i=0.000949377

# Octree, 73 steps, 274.879 CPU, 276.6 real, 8.85e+04 points.step/s, 31 var
# 16 procs, MPI: min 41 (15%) avg 49 (18%) max 55 (20%)

