[jobic@luke mousse]$ cd mousse/; mpirun -np 16 ./mousse -init 8 -parallel; cd ..
We compute first with level7
For parallel, we load the precalculated levelset function
We consider 7 maxlevel
In restore
Stat 1 : 0.0181818 34.4508 0 0 0 0 0
Stat 2 : 0.0181818 0 0 0 
Stat 1 : 0.0528926 34.4508 0.187061 0.00620264 0.521761 0.120734 0.0249616
Stat 2 : 0.0528926 4.25172389 -0.00033801741 4.69415667 
Stat 1 : 0.0944712 34.4508 0.0261228 0.00997998 0.658846 0.19558 0.0322756
Stat 2 : 0.0944712 2.48608551 -0.00214669828 1.04519548 
Stat 1 : 0.141324 34.4508 0.0407851 0.0135022 0.75656 0.232049 0.0394304
Stat 2 : 0.141324 0.623942777 -0.00215607327 0.936543042 
Stat 1 : 0.19181 34.4508 0.0521791 0.0162751 0.826817 0.2533 0.0449028
Stat 2 : 0.19181 0.459611233 -0.00232875193 0.891878244 
Stat 1 : 0.244998 34.4508 0.0603533 0.0183016 0.87482 0.266809 0.0489186
Stat 2 : 0.244998 0.328672493 -0.00248479474 0.885482846 
Stat 1 : 0.300303 34.4508 0.0660869 0.0197748 0.915528 0.276579 0.0517599
Stat 2 : 0.300303 0.229006414 -0.0026069303 0.894499175 
Stat 1 : 0.357309 34.4508 0.0700415 0.0208 0.950508 0.283586 0.053717
Stat 2 : 0.357309 0.15566992 -0.00269625346 0.905360961 
Stat 1 : 0.415709 34.4508 0.0727409 0.0215061 0.978701 0.288707 0.0550276
Stat 2 : 0.415709 0.103508352 -0.00275942182 0.928235797 
Stat 1 : 0.475269 34.4508 0.0745488 0.0219762 1.00141 0.292329 0.0558822
Stat 2 : 0.475269 0.0673823632 -0.00280421171 0.96611121 
Stat 1 : 0.535804 34.4508 0.0757255 0.0222744 1.01957 0.294756 0.0564283
Stat 2 : 0.535804 0.0434323466 -0.00283825892 0.994113099 
Stat 1 : 0.597174 34.4508 0.0764907 0.0224818 1.03498 0.296622 0.0567559
Stat 2 : 0.597174 0.0264573902 -0.0028561842 1.01750874 
Stat 1 : 0.659257 34.4508 0.0769577 0.0225986 1.04742 0.297762 0.0569456
Stat 2 : 0.659257 0.0163063533 -0.00287094875 1.0339875 
Stat 1 : 0.721958 34.4508 0.0772245 0.0226553 1.05736 0.298377 0.0570562
Stat 2 : 0.721958 0.0117716892 -0.00288481858 1.04221675 
Stat 1 : 0.785208 34.4508 0.0773725 0.0226956 1.06605 0.298861 0.0571133
Stat 2 : 0.785208 0.00754881114 -0.00289140017 1.05072984 
Stat 1 : 0.848947 34.4508 0.0774469 0.0227169 1.07357 0.299186 0.0571343
Stat 2 : 0.848947 0.00678433825 -0.00289575664 1.05653655 
Stat 1 : 0.913123 34.4508 0.0774746 0.0227261 1.08014 0.299388 0.0571344
Stat 2 : 0.913123 0.00604331608 -0.00289858476 1.06056394 
Stat 1 : 0.97769 34.4508 0.0774738 0.0227279 1.08593 0.299508 0.0571235
Stat 2 : 0.97769 0.00532475401 -0.00290041331 1.06327252 
Stat 1 : 1.04261 34.4508 0.077457 0.0227257 1.09109 0.299574 0.0571072
Stat 2 : 1.04261 0.0046630298 -0.00290158609 1.06499325 
Stat 1 : 1.10785 34.4508 0.0774321 0.0227215 1.09572 0.299606 0.0570892
Stat 2 : 1.10785 0.00407834506 -0.00290233052 1.06598308 
Stat 1 : 1.17337 34.4508 0.0774042 0.0227164 1.09991 0.299619 0.0570712
Stat 2 : 1.17337 0.0035615886 -0.00290279732 1.06644049 
Stat 1 : 1.23916 34.4508 0.0773764 0.0227112 1.10372 0.299619 0.0570543
Stat 2 : 1.23916 0.00311244949 -0.00290308576 1.06651726 
Stat 1 : 1.30519 34.4508 0.07735 0.0227063 1.10722 0.299612 0.0570389
Stat 2 : 1.30519 0.0027212344 -0.00290326141 1.0663274 
Stat 1 : 1.37143 34.4508 0.0773258 0.0227018 1.11042 0.299603 0.0570252
Stat 2 : 1.37143 0.00237925848 -0.00290336672 1.06595582 
Stat 1 : 1.43787 34.4508 0.0773041 0.0226977 1.11338 0.299592 0.057013
Stat 2 : 1.43787 0.00208297555 -0.00290342968 1.06546511 
Stat 1 : 1.50449 34.4508 0.0772848 0.0226942 1.11611 0.29958 0.0570023
Stat 2 : 1.50449 0.00182416147 -0.00290346828 1.06490116 
Stat 1 : 1.57127 34.4508 0.0772679 0.0226911 1.11863 0.299569 0.0569929
Stat 2 : 1.57127 0.00160707396 -0.00290349413 1.0642973 
Stat 1 : 1.63821 34.4508 0.0772531 0.0226884 1.12097 0.299559 0.0569846
Stat 2 : 1.63821 0.00150444637 -0.00290351482 1.06367751 
Stat 1 : 1.70528 34.4508 0.0772401 0.0226861 1.12315 0.29955 0.0569774
Stat 2 : 1.70528 0.00144134669 -0.00290353492 1.06305876 
Stat 1 : 1.77248 34.4508 0.0772288 0.022684 1.12517 0.299541 0.056971
Stat 2 : 1.77248 0.00138544719 -0.0029035572 1.06245296 
Stat 1 : 1.83979 34.4508 0.0772189 0.0226823 1.12706 0.299534 0.0569654
Stat 2 : 1.83979 0.00132756058 -0.00290358346 1.0618682 
Stat 1 : 1.9072 34.4508 0.0772101 0.0226807 1.12881 0.299527 0.0569604
Stat 2 : 1.9072 0.00126938936 -0.00290361441 1.06130978 
Stat 1 : 1.97472 34.4508 0.0772025 0.0226794 1.13045 0.299521 0.0569559
Stat 2 : 1.97472 0.00121115088 -0.00290365053 1.06098528 
Stat 1 : 2.04232 34.4508 0.0771957 0.0226782 1.13198 0.299515 0.0569519
Stat 2 : 2.04232 0.00115365952 -0.00290369185 1.06114008 
Stat 1 : 2.10999 34.4508 0.0771897 0.0226771 1.13341 0.29951 0.0569483
Stat 2 : 2.10999 0.00109732378 -0.00290373807 1.06126196 
Stat 1 : 2.17775 34.4508 0.0771843 0.0226762 1.13475 0.299506 0.0569451
Stat 2 : 2.17775 0.00104252478 -0.00290378913 1.06135716 
Stat 1 : 2.24557 34.4508 0.0771795 0.0226753 1.136 0.299501 0.0569418
Stat 2 : 2.24557 0.00098918692 -0.00290379218 1.06143029 
i=37, t=2.24557, i=0.000989187
We consider 8 maxlevel
In restore
Stat 1 : 1e+30 34.4508 0 0 0 0 0
Stat 1 : 1e+30 34.4506 0.734286 0.0143301 0.529558 0.120636 0.0573037
Stat 2 : 1e+30 12.7123046 -0.000568359805 38.6276306 
WARNING: convergence for u.x not reached after 300 iterations
  res: 2.01327e+08 sum: -1.67715e+25 nrelax: 100
WARNING: convergence for p not reached after 300 iterations
  res: 3.06513e+21 sum: -5.26656e+25 nrelax: 100
Stat 1 : 1e+30 34.4506 1.53143e+21 1.69367e+18 3.03412e+24 3.03152e+24 -1.11911e+18

