[jobic@luke mousse]$ cd mousse/; ./mousse -maxlevel 7 ; cd ..
maxlevel set to : 7
We consider 7 maxlevel
We load the stl file
Stat 1 : 0 34.4651 0 0 0 0 0
Stat 2 : 0 0 0 0 
Stat 1 : 0.0181818 34.4651 0.0394694 0.00322718 0.520471 0.120192 0.013113
Stat 2 : 0.0181818 4.22333538 -0.000137441015 0.788384543 
Stat 1 : 0.0679189 34.4651 0.0225152 0.0085236 0.604633 0.177331 0.0273164
Stat 2 : 0.0679189 1.40450503 -0.00173570411 0.532476731 
Stat 1 : 0.121296 34.4651 0.0382937 0.0128053 0.704134 0.217387 0.0375443
Stat 2 : 0.121296 0.722401476 -0.00202115629 0.424035521 
Stat 1 : 0.177282 34.4651 0.0505806 0.015978 0.784496 0.244667 0.0444166
Stat 2 : 0.177282 0.48422874 -0.00226647722 0.404007354 
Stat 1 : 0.235235 34.4651 0.0594554 0.018228 0.843578 0.263075 0.0489697
Stat 2 : 0.235235 0.329198454 -0.00244153289 0.404881449 
Stat 1 : 0.294719 34.4651 0.0655666 0.0197711 0.889283 0.275467 0.0519544
Stat 2 : 0.294719 0.222120215 -0.0025642728 0.396168937 
Stat 1 : 0.355415 34.4651 0.0696281 0.0207787 0.921931 0.283544 0.0539038
Stat 2 : 0.355415 0.148842725 -0.00265170218 0.384713175 
Stat 1 : 0.417105 34.4651 0.0723027 0.0214589 0.946527 0.289225 0.0551415
Stat 2 : 0.417105 0.0965902049 -0.0027123255 0.384447133 
Stat 1 : 0.479614 34.4651 0.0740241 0.0218935 0.968558 0.293045 0.0559074
Stat 2 : 0.479614 0.0616928419 -0.00275381026 0.381833837 
Stat 1 : 0.54281 34.4651 0.0751057 0.0221645 0.986764 0.295583 0.0563679
Stat 2 : 0.54281 0.038456617 -0.00278225119 0.378874117 
Stat 1 : 0.606588 34.4651 0.0757628 0.0223283 1.00141 0.297243 0.0566335
Stat 2 : 0.606588 0.0232846221 -0.00280189425 0.374507394 
Stat 1 : 0.670866 34.4651 0.0761469 0.0224234 1.01331 0.298313 0.0567766
Stat 2 : 0.670866 0.0135329858 -0.00281544641 0.369698627 
Stat 1 : 0.735578 34.4651 0.0763566 0.0224752 1.02316 0.298992 0.0568452
Stat 2 : 0.735578 0.0101596343 -0.00282489152 0.365261616 
Stat 1 : 0.80067 34.4651 0.0764582 0.0225008 1.03146 0.299413 0.0568694
Stat 2 : 0.80067 0.00881931415 -0.00283147024 0.361164589 
Stat 1 : 0.8661 34.4651 0.076495 0.0225107 1.03858 0.299668 0.0568685
Stat 2 : 0.8661 0.0077178758 -0.00283619186 0.359989018 
Stat 1 : 0.931832 34.4651 0.0764944 0.0225116 1.04473 0.299814 0.0568542
Stat 2 : 0.931832 0.00672116347 -0.00283960676 0.362089284 
Stat 1 : 0.997834 34.4651 0.0764737 0.0225078 1.05012 0.299894 0.0568337
Stat 2 : 0.997834 0.00586359558 -0.00284210459 0.363556809 
Stat 1 : 1.06408 34.4651 0.0764433 0.0225018 1.05493 0.299933 0.0568111
Stat 2 : 1.06408 0.00514512293 -0.00284396329 0.364482202 
Stat 1 : 1.13055 34.4651 0.0764094 0.022495 1.05925 0.299947 0.0567888
Stat 2 : 1.13055 0.00449532657 -0.00284540839 0.365060093 
Stat 1 : 1.19723 34.4651 0.0763756 0.0224882 1.06315 0.299946 0.0567679
Stat 2 : 1.19723 0.00395165835 -0.00284655131 0.365324274 
Stat 1 : 1.26409 34.4651 0.0763437 0.0224818 1.0667 0.299937 0.0567488
Stat 2 : 1.26409 0.0034521703 -0.00284747627 0.376639736 
Stat 1 : 1.33113 34.4651 0.0763148 0.022476 1.06995 0.299925 0.0567319
Stat 2 : 1.33113 0.00302989 -0.00284824109 0.389361829 
Stat 1 : 1.39833 34.4651 0.0762889 0.0224709 1.07293 0.299911 0.056717
Stat 2 : 1.39833 0.00265133093 -0.00284889048 0.400712084 
Stat 1 : 1.46568 34.4651 0.076266 0.0224664 1.07569 0.299896 0.0567039
Stat 2 : 1.46568 0.00233289076 -0.00284944397 0.410839208 
Stat 1 : 1.53316 34.4651 0.0762459 0.0224625 1.07823 0.299882 0.0566924
Stat 2 : 1.53316 0.00204356306 -0.00284993368 0.419881264 
Stat 1 : 1.60077 34.4651 0.0762283 0.0224591 1.0806 0.299869 0.0566824
Stat 2 : 1.60077 0.00179627895 -0.00285035946 0.427994839 
Stat 1 : 1.66849 34.4651 0.0762129 0.0224562 1.0828 0.299858 0.0566735
Stat 2 : 1.66849 0.00164090719 -0.00285074488 0.435263605 
Stat 1 : 1.73633 34.4651 0.0761995 0.0224536 1.08485 0.299847 0.0566658
Stat 2 : 1.73633 0.00153399268 -0.0028510875 0.44177324 
Stat 1 : 1.80426 34.4651 0.0761878 0.0224514 1.08678 0.299837 0.056659
Stat 2 : 1.80426 0.00143692019 -0.00285139931 0.44761417 
Stat 1 : 1.87229 34.4651 0.0761775 0.0224494 1.08869 0.299828 0.0566529
Stat 2 : 1.87229 0.00133830258 -0.00285168686 0.452877982 
Stat 1 : 1.9404 34.4651 0.0761684 0.0224477 1.09048 0.29982 0.0566475
Stat 2 : 1.9404 0.00125002167 -0.00285194811 0.45759902 
Stat 1 : 2.00859 34.4651 0.0761604 0.0224462 1.09217 0.299813 0.0566427
Stat 2 : 2.00859 0.00116033943 -0.00285219021 0.461854994 
Stat 1 : 2.07685 34.4651 0.0761534 0.0224449 1.09375 0.299807 0.0566384
Stat 2 : 2.07685 0.0010828434 -0.00285241448 0.46566775 
Stat 1 : 2.14518 34.4651 0.0761471 0.0224437 1.09525 0.299801 0.0566345
Stat 2 : 2.14518 0.0010075247 -0.00285262092 0.469125153 
Stat 1 : 2.21356 34.4651 0.0761415 0.0224427 1.09665 0.299796 0.056631
Stat 2 : 2.21356 0.000933616736 -0.00285281884 0.47221313 
i=35, t=2.21356, i=0.000933617

# Octree, 35 steps, 3049.28 CPU, 197.2 real, 7.63e+04 points.step/s, 31 var
