[jobic@luke mousse]$ cd mousse/; ./mousse -maxlevel 8 ; cd ..
maxlevel set to : 8
We consider 8 maxlevel
We load the stl file
Stat 1 : 0 34.4651 0 0 0 0 0
Stat 2 : 0 0 0 0 
Stat 1 : 0.0181818 34.4651 0.163237 0.00324325 0.530952 0.120538 0.0130855
Stat 2 : 0.0181818 12.642675 -6.47158757e-05 8.68131731 
Stat 1 : 0.05542 34.4651 0.0956074 0.00742105 0.620162 0.180547 0.0240855
Stat 2 : 0.05542 6.45617986 -0.00232484282 2.54013568 
Stat 1 : 0.0856056 34.4651 0.0383074 0.0102964 0.719382 0.218277 0.0309707
Stat 2 : 0.0856056 1.18969513 -0.00288227365 2.16649019 
Stat 1 : 0.116066 34.4651 0.0392271 0.0126915 0.784019 0.239107 0.036297
Stat 2 : 0.116066 0.412126279 -0.0033070976 1.92617259 
Stat 1 : 0.146181 34.4651 0.0466506 0.0146298 0.836822 0.252235 0.0404255
Stat 2 : 0.146181 0.316371055 -0.00363524556 1.97631151 
Stat 1 : 0.174597 34.4651 0.052361 0.016136 0.880005 0.261563 0.0435309
Stat 2 : 0.174597 0.238307972 -0.0038828282 2.0050347 
Stat 1 : 0.202957 34.4651 0.0569223 0.0173659 0.917183 0.268481 0.0460274
Stat 2 : 0.202957 0.191231956 -0.00408102556 2.03490895 
Stat 1 : 0.23008 34.4651 0.0604352 0.0183215 0.948463 0.273555 0.0479736
Stat 2 : 0.23008 0.149420084 -0.00424004893 2.05338406 
Stat 1 : 0.25722 34.4651 0.0632858 0.0191221 0.976473 0.278 0.0495565
Stat 2 : 0.25722 0.121332524 -0.00436590317 2.07023228 
Stat 1 : 0.283712 34.4651 0.0655607 0.019768 1.00327 0.281577 0.0508128
Stat 2 : 0.283712 0.0969026706 -0.00446548926 2.08018247 
Stat 1 : 0.310152 34.4651 0.0674143 0.0202982 1.02618 0.284416 0.0518373
Stat 2 : 0.310152 0.0792266428 -0.00454630175 2.09287742 
Stat 1 : 0.336095 34.4651 0.0689069 0.0207282 1.0464 0.286705 0.0526598
Stat 2 : 0.336095 0.0639523924 -0.00461049559 2.09974431 
Stat 1 : 0.36204 34.4651 0.0701287 0.0210822 1.06386 0.28856 0.0533349
Stat 2 : 0.36204 0.0526012259 -0.00466306045 2.10920631 
Stat 1 : 0.387632 34.4651 0.0711204 0.0213712 1.07931 0.29007 0.0538811
Stat 2 : 0.387632 0.0427926865 -0.004705095 2.11415607 
Stat 1 : 0.413227 34.4651 0.0719338 0.0216092 1.09292 0.291306 0.0543301
Stat 2 : 0.413227 0.0352854984 -0.00473965687 2.12101995 
Stat 1 : 0.438599 34.4651 0.0725982 0.0218044 1.10617 0.292316 0.0546955
Stat 2 : 0.438599 0.0288862772 -0.00476746593 2.12492929 
Stat 1 : 0.463972 34.4651 0.073144 0.0219653 1.11801 0.293148 0.0549959
Stat 2 : 0.463972 0.0238400529 -0.0047902297 2.1300007 
Stat 1 : 0.489191 34.4651 0.0735912 0.0220976 1.12877 0.293831 0.0552408
Stat 2 : 0.489191 0.0195809367 -0.00480854221 2.13304545 
Stat 1 : 0.514413 34.4651 0.0739585 0.0222065 1.13842 0.294393 0.0554419
Stat 2 : 0.514413 0.0161637131 -0.00482358694 2.13683048 
Stat 1 : 0.539539 34.4651 0.0742597 0.0222962 1.14723 0.294854 0.055606
Stat 2 : 0.539539 0.0133034078 -0.00483568117 2.13926988 
Stat 1 : 0.564666 34.4651 0.0745066 0.02237 1.15519 0.295234 0.0557404
Stat 2 : 0.564666 0.0109794994 -0.00484556774 2.14213799 
Stat 1 : 0.589738 34.4651 0.0747092 0.0224306 1.16247 0.295546 0.05585
Stat 2 : 0.589738 0.00904251709 -0.0048534973 2.14411929 
Stat 1 : 0.614811 34.4651 0.0748751 0.0224805 1.16909 0.295803 0.0559394
Stat 2 : 0.614811 0.007455144 -0.00485992747 2.14630366 
Stat 1 : 0.639858 34.4651 0.0750108 0.0225215 1.17516 0.296014 0.0560121
Stat 2 : 0.639858 0.00613855009 -0.00486506136 2.14797197 
Stat 1 : 0.664905 34.4651 0.0751216 0.0225551 1.18073 0.296186 0.0560712
Stat 2 : 0.664905 0.0050530264 -0.00486918945 2.14963118 
Stat 1 : 0.689946 34.4651 0.075212 0.0225827 1.18585 0.296328 0.056119
Stat 2 : 0.689946 0.00415554064 -0.00487247304 2.15102137 
Stat 1 : 0.714988 34.4651 0.0752855 0.0226052 1.19057 0.296444 0.0561575
Stat 2 : 0.714988 0.00341287861 -0.00487506865 2.15230562 
Stat 1 : 0.74003 34.4651 0.0753452 0.0226236 1.19494 0.296539 0.0561884
Stat 2 : 0.74003 0.00280071666 -0.00487710785 2.15343613 
Stat 1 : 0.765074 34.4651 0.0753934 0.0226386 1.19897 0.296616 0.0562131
Stat 2 : 0.765074 0.00229476751 -0.00487869146 2.15444686 
Stat 1 : 0.79012 34.4651 0.0754322 0.0226508 1.20271 0.296678 0.0562327
Stat 2 : 0.79012 0.00187650123 -0.00487989737 2.15535746 
Stat 1 : 0.81517 34.4651 0.0754633 0.0226606 1.20618 0.296729 0.0562481
Stat 2 : 0.81517 0.0015399106 -0.00488080619 2.1561798 
Stat 1 : 0.840224 34.4651 0.0754882 0.0226686 1.20941 0.29677 0.0562602
Stat 2 : 0.840224 0.00148842371 -0.00488147985 2.156931 
Stat 1 : 0.865285 34.4651 0.0755078 0.022675 1.21242 0.296803 0.0562694
Stat 2 : 0.865285 0.00143526031 -0.00488195905 2.15761588 
Stat 1 : 0.890353 34.4651 0.0755233 0.0226802 1.21524 0.29683 0.0562764
Stat 2 : 0.890353 0.00137795909 -0.00488228532 2.15823864 
Stat 1 : 0.915429 34.4651 0.0755354 0.0226842 1.21786 0.296851 0.0562816
Stat 2 : 0.915429 0.00134324962 -0.00488249212 2.15881774 
Stat 1 : 0.940514 34.4651 0.0755446 0.0226875 1.22032 0.296868 0.0562853
Stat 2 : 0.940514 0.00133272178 -0.00488259517 2.15934701 
Stat 1 : 0.965609 34.4651 0.0755515 0.02269 1.22262 0.296881 0.0562879
Stat 2 : 0.965609 0.00133123795 -0.00488263329 2.15983821 
Stat 1 : 0.990714 34.4651 0.0755567 0.0226919 1.22478 0.296891 0.0562895
Stat 2 : 0.990714 0.00131599653 -0.00488261411 2.16029341 
Stat 1 : 1.01583 34.4651 0.0755603 0.0226934 1.22681 0.296899 0.0562904
Stat 2 : 1.01583 0.0012963698 -0.00488255149 2.16071837 
Stat 1 : 1.04096 34.4651 0.0755628 0.0226945 1.22871 0.296904 0.0562907
Stat 2 : 1.04096 0.00127879037 -0.00488245699 2.16111018 
Stat 1 : 1.06609 34.4651 0.0755644 0.0226954 1.2305 0.296909 0.0562905
Stat 2 : 1.06609 0.00126246064 -0.00488233985 2.16147689 
Stat 1 : 1.09124 34.4651 0.0755652 0.0226959 1.23218 0.296912 0.05629
Stat 2 : 1.09124 0.00124845549 -0.00488220842 2.16181837 
Stat 1 : 1.11641 34.4651 0.0755654 0.0226963 1.23376 0.296914 0.0562892
Stat 2 : 1.11641 0.00123442443 -0.00488206696 2.16213768 
Stat 1 : 1.14158 34.4651 0.0755651 0.0226965 1.23525 0.296915 0.0562882
Stat 2 : 1.14158 0.00121803063 -0.00488191897 2.16243912 
Stat 1 : 1.16677 34.4651 0.0755645 0.0226966 1.23666 0.296915 0.056287
Stat 2 : 1.16677 0.00121356831 -0.00488177261 2.16271733 
Stat 1 : 1.19196 34.4651 0.0755637 0.0226966 1.23799 0.296915 0.0562858
Stat 2 : 1.19196 0.00119035785 -0.00488162891 2.16297914 
Stat 1 : 1.21717 34.4651 0.0755627 0.0226966 1.23924 0.296915 0.0562845
Stat 2 : 1.21717 0.00117587818 -0.00488148621 2.16322645 
Stat 1 : 1.24239 34.4651 0.0755615 0.0226965 1.24042 0.296914 0.0562832
Stat 2 : 1.24239 0.00115653909 -0.00488134532 2.16345796 
Stat 1 : 1.26762 34.4651 0.0755602 0.0226963 1.24155 0.296913 0.0562819
Stat 2 : 1.26762 0.00113329742 -0.0048812122 2.16367641 
Stat 1 : 1.29286 34.4651 0.0755589 0.0226961 1.24261 0.296912 0.0562805
Stat 2 : 1.29286 0.00110713729 -0.00488108704 2.16388055 
Stat 1 : 1.31812 34.4651 0.0755575 0.0226959 1.24361 0.296911 0.0562792
Stat 2 : 1.31812 0.0010864303 -0.0048809662 2.16407457 
Stat 1 : 1.34338 34.4651 0.0755562 0.0226957 1.24456 0.29691 0.0562779
Stat 2 : 1.34338 0.00106910642 -0.00488085357 2.16425723 
Stat 1 : 1.36865 34.4651 0.0755548 0.0226955 1.24545 0.296909 0.0562767
Stat 2 : 1.36865 0.00103566451 -0.00488074618 2.1644294 
Stat 1 : 1.39394 34.4651 0.0755535 0.0226952 1.2463 0.296908 0.0562754
Stat 2 : 1.39394 0.00101080261 -0.00488064574 2.16459269 
Stat 1 : 1.41923 34.4651 0.0755522 0.022695 1.24711 0.296906 0.0562743
Stat 2 : 1.41923 0.000986232058 -0.00488055353 2.16474622 
i=55, t=1.41923, i=0.000986232

# Octree, 55 steps, 16407.2 CPU, 1039 real, 4.82e+04 points.step/s, 31 var

