We consider 6 maxlevel
We load the stl file
Stat 1 : 0 34.4651 0 0 0 0 0
Stat 2 : 0 0 0 0 
Stat 1 : 0.0181818 34.4651 0.0259149 0.00314844 0.504189 0.119527 0.0133084
Stat 2 : 0.0181818 3.0944932 -0.000177150848 0.28536151 
Stat 1 : 0.0679189 34.4651 0.0223211 0.00841413 0.624008 0.177459 0.027914
Stat 2 : 0.0679189 1.40682378 -0.00161726591 0.276150513 
Stat 1 : 0.131316 34.4651 0.0401039 0.0132973 0.734469 0.217159 0.0399394
Stat 2 : 0.131316 0.791192052 -0.00190115602 0.273508484 
Stat 1 : 0.207132 34.4651 0.0544961 0.0171194 0.816145 0.245297 0.0483944
Stat 2 : 0.207132 0.545915607 -0.00211631712 0.281178482 
Stat 1 : 0.294237 34.4651 0.0647777 0.0198362 0.878705 0.265957 0.0537089
Stat 2 : 0.294237 0.353399097 -0.00223563316 0.295773249 
Stat 1 : 0.390123 34.4651 0.0711996 0.0214189 0.928071 0.27985 0.0567422
Stat 2 : 0.390123 0.212943952 -0.00231400479 0.303136337 
Stat 1 : 0.493007 34.4651 0.0749252 0.0222842 0.963623 0.289252 0.0582844
Stat 2 : 0.493007 0.116231271 -0.00235789664 0.305351731 
Stat 1 : 0.601648 34.4651 0.0769399 0.0227022 0.989144 0.295468 0.0589423
Stat 2 : 0.601648 0.056179904 -0.00238116651 0.305224539 
Stat 1 : 0.715127 34.4651 0.0779408 0.022867 1.00753 0.299467 0.0591266
Stat 2 : 0.715127 0.0282512168 -0.00239301909 0.304348943 
Stat 1 : 0.832725 34.4651 0.078374 0.0229016 1.0209 0.30197 0.0590884
Stat 2 : 0.832725 0.0213705643 -0.00239947396 0.303993727 
Stat 1 : 0.953864 34.4651 0.078501 0.0228601 1.03065 0.303387 0.0589749
Stat 2 : 0.953864 0.0188425461 -0.00240699792 0.303732941 
Stat 1 : 1.07806 34.4651 0.0784977 0.0228209 1.03823 0.3043 0.0588445
Stat 2 : 1.07806 0.0125089129 -0.00241027979 0.303527372 
Stat 1 : 1.20492 34.4651 0.0784395 0.0227777 1.04422 0.304861 0.0587226
Stat 2 : 1.20492 0.010113945 -0.00241344712 0.30341243 
Stat 1 : 1.33409 34.4651 0.0783618 0.0227377 1.0498 0.3052 0.0586209
Stat 2 : 1.33409 0.00809310794 -0.0024166471 0.303385129 
Stat 1 : 1.46529 34.4651 0.0782827 0.0227036 1.05552 0.305409 0.0585402
Stat 2 : 1.46529 0.00665411842 -0.00241999608 0.303417675 
Stat 1 : 1.59826 34.4651 0.0782103 0.0226756 1.06062 0.305542 0.058478
Stat 2 : 1.59826 0.00549477872 -0.0024234563 0.306907364 
Stat 1 : 1.73279 34.4651 0.0781468 0.022653 1.0652 0.305628 0.0584303
Stat 2 : 1.73279 0.00480660585 -0.00242695008 0.310482215 
Stat 1 : 1.86868 34.4651 0.0780928 0.0226348 1.06938 0.305688 0.0583936
Stat 2 : 1.86868 0.00432068648 -0.00243045518 0.313506654 
Stat 1 : 2.00577 34.4651 0.0780464 0.02262 1.07322 0.305733 0.0583648
Stat 2 : 2.00577 0.00394360673 -0.00243388825 0.316082762 
Stat 1 : 2.14392 34.4651 0.0780071 0.0226079 1.07676 0.305769 0.0583418
Stat 2 : 2.14392 0.00367269789 -0.00243725199 0.318297725 
Stat 1 : 2.283 34.4651 0.0779733 0.0225979 1.08004 0.305799 0.0583231
Stat 2 : 2.283 0.00342377127 -0.00244051143 0.320205376 
Stat 1 : 2.42291 34.4651 0.0779437 0.0225894 1.08308 0.305824 0.0583076
Stat 2 : 2.42291 0.00318376358 -0.00244366626 0.321847275 
Stat 1 : 2.56354 34.4651 0.0779181 0.0225823 1.0859 0.305846 0.0582949
Stat 2 : 2.56354 0.00295001893 -0.00244673529 0.323270609 
Stat 1 : 2.70483 34.4651 0.0778955 0.0225761 1.08853 0.305866 0.0582839
Stat 2 : 2.70483 0.0027340444 -0.00244968484 0.324493382 
Stat 1 : 2.84669 34.4651 0.0778753 0.0225708 1.09098 0.305884 0.0582743
Stat 2 : 2.84669 0.00252735589 -0.00245252009 0.325560274 
Stat 1 : 2.98906 34.4651 0.0778575 0.0225662 1.09326 0.305901 0.0582659
Stat 2 : 2.98906 0.00233920008 -0.00245526094 0.326481615 
Stat 1 : 3.13188 34.4651 0.0778418 0.0225622 1.09539 0.305916 0.0582585
Stat 2 : 3.13188 0.00215909529 -0.00245788597 0.327279984 
Stat 1 : 3.27511 34.4651 0.0778276 0.0225586 1.09738 0.305931 0.058252
Stat 2 : 3.27511 0.00199249226 -0.00246041803 0.327975468 
Stat 1 : 3.4187 34.4651 0.0778148 0.0225555 1.09924 0.305944 0.0582463
Stat 2 : 3.4187 0.00183778108 -0.00246285753 0.328569561 
Stat 1 : 3.56261 34.4651 0.0778033 0.0225526 1.10098 0.305956 0.0582411
Stat 2 : 3.56261 0.00169683972 -0.00246520216 0.329086909 
Stat 1 : 3.70681 34.4651 0.077793 0.0225502 1.10261 0.305967 0.0582365
Stat 2 : 3.70681 0.00161655465 -0.00246745272 0.329529361 
Stat 1 : 3.85127 34.4651 0.0777837 0.022548 1.10414 0.305977 0.0582324
Stat 2 : 3.85127 0.00153410325 -0.00246961271 0.329916575 
Stat 1 : 3.99596 34.4651 0.0777752 0.022546 1.10557 0.305987 0.0582287
Stat 2 : 3.99596 0.00145973656 -0.00247168649 0.330247846 
Stat 1 : 4.14085 34.4651 0.0777676 0.0225442 1.10692 0.305996 0.0582253
Stat 2 : 4.14085 0.00138313732 -0.00247367527 0.33053261 
Stat 1 : 4.28593 34.4651 0.0777607 0.0225426 1.10818 0.306004 0.0582222
Stat 2 : 4.28593 0.00131456162 -0.00247558349 0.330775794 
Stat 1 : 4.43118 34.4651 0.0777544 0.0225412 1.10936 0.306012 0.0582195
Stat 2 : 4.43118 0.00124550739 -0.00247741258 0.330984762 
Stat 1 : 4.57659 34.4651 0.0777486 0.0225399 1.11047 0.306019 0.058217
Stat 2 : 4.57659 0.00117651743 -0.00247916534 0.3311649 
Stat 1 : 4.72212 34.4651 0.0777434 0.0225387 1.11151 0.306026 0.0582146
Stat 2 : 4.72212 0.00111564837 -0.0024808423 0.331314766 
Stat 1 : 4.86778 34.4651 0.0777386 0.0225376 1.11249 0.306033 0.0582125
Stat 2 : 4.86778 0.00105628678 -0.00248244828 0.33144339 
Stat 1 : 5.01355 34.4651 0.0777343 0.0225366 1.11341 0.306039 0.0582106
Stat 2 : 5.01355 0.000998112503 -0.00248398589 0.331551337 
i=40, t=5.01355, i=0.000998113

# Octree, 40 steps, 618.549 CPU, 82.44 real, 1.27e+05 points.step/s, 31 var
